-----------------------Thu Aug 09 20:13:49 BDT 2018----------------------

Executed Suite Name : MailChimp_Demo_QA_Automation_Test_Report

Executed Test Name : Test Automation MailChimp

----------------------------------

----------------------------------

----------------------------------

Executed TestCase Name : verifyBlogTitleTest, Status : Skipped
Message: null

Executed TestCase Name : verifyHomePageTitleTest, Status : Skipped
Message: null

Executed TestCase Name : verifyLoginTitleTest, Status : Skipped
Message: null

Executed TestCase Name : verifyWhatsNewTitleTest, Status : Skipped
Message: null

Executed TestCase Name : verifyFeaturesTitleTest, Status : Skipped
Message: null

Executed TestCase Name : verifyLearningTitleTest, Status : Skipped
Message: null

Executed TestCase Name : verifyPricingTitleTest, Status : Skipped
Message: null

Executed TestCase Name : verifySupportTitleTest, Status : Skipped
Message: null

Executed TestCase Name : verifySignUpTitleTest, Status : Skipped
Message: null

Executed Test Name : Test Automation MailChimp2

----------------------------------

----------------------------------

----------------------------------

Executed TestCase Name : logInPageTitleTest, Status : Skipped
Message: null

Executed TestCase Name : linkCookieTest, Status : Skipped
Message: null

Executed TestCase Name : linkForgetPasswordTest, Status : Skipped
Message: null

Executed TestCase Name : linkTermTest, Status : Skipped
Message: null

Executed TestCase Name : linkCreateAccountTest, Status : Skipped
Message: null

Executed TestCase Name : linkPrivacy, Status : Skipped
Message: null

Executed TestCase Name : linkForgetUserNameTest, Status : Skipped
Message: null


Tests suite 'MailChimp_Demo_QA_Automation_Test_Report' for null browser
===============================================================

Summary for Test: Test Automation MailChimp
-----------------------------------------------
Passed - 0
Skipped - 9
Failed - 0
Total test case run - 9
-----------------------------------------------
Summary for Test: Test Automation MailChimp2
-----------------------------------------------
Passed - 0
Skipped - 7
Failed - 0
Total test case run - 7
-----------------------------------------------
***null***

==================================
Test Result Summary: null browser
----------------------------------
Total Passed: 0
Total Skipped: 16
Total Failed: 0
Total Run: 16
==================================

----------------------------------
